<?xml version="1.0" encoding="UTF-8" ?>
<testsuite tests="31" failures="0" name="com.mahmoud.neededtestassignment.sales.SalesTransactionTest" time="0.067" errors="0" skipped="0">
  <properties>
    <property name="java.runtime.name" value="Java(TM) SE Runtime Environment"/>
    <property name="java.vm.version" value="13.0.2+8"/>
    <property name="sun.boot.library.path" value="C:\Program Files\Java\jdk-13.0.2\bin"/>
    <property name="maven.multiModuleProjectDirectory" value="C:\Users\Musab Mahmoud\Documents\NetBeansProjects\NeededTestAssignment"/>
    <property name="java.vm.vendor" value="Oracle Corporation"/>
    <property name="java.vendor.url" value="https://java.oracle.com/"/>
    <property name="guice.disable.misplaced.annotation.check" value="true"/>
    <property name="path.separator" value=";"/>
    <property name="java.vm.name" value="Java HotSpot(TM) 64-Bit Server VM"/>
    <property name="sun.os.patch.level" value=""/>
    <property name="user.script" value=""/>
    <property name="user.country" value="US"/>
    <property name="sun.java.launcher" value="SUN_STANDARD"/>
    <property name="java.vm.specification.name" value="Java Virtual Machine Specification"/>
    <property name="user.dir" value="C:\Users\Musab Mahmoud\Documents\NetBeansProjects\NeededTestAssignment"/>
    <property name="java.vm.compressedOopsMode" value="32-bit"/>
    <property name="java.runtime.version" value="13.0.2+8"/>
    <property name="os.arch" value="amd64"/>
    <property name="java.io.tmpdir" value="C:\Users\MUSABM~1\AppData\Local\Temp\"/>
    <property name="line.separator" value="
"/>
    <property name="java.vm.specification.vendor" value="Oracle Corporation"/>
    <property name="user.variant" value=""/>
    <property name="os.name" value="Windows 10"/>
    <property name="maven.ext.class.path" value="C:\Program Files\NetBeans-11.2\netbeans\java\maven-nblib\netbeans-eventspy.jar"/>
    <property name="classworlds.conf" value="C:\Program Files\NetBeans-11.2\netbeans\java\maven\bin\m2.conf"/>
    <property name="sun.jnu.encoding" value="Cp1252"/>
    <property name="java.library.path" value="C:\Program Files\Java\jdk-13.0.2\bin;C:\WINDOWS\Sun\Java\bin;C:\WINDOWS\system32;C:\WINDOWS;C:\Program Files\Java\jdk-13.0.2\bin;C:\Program Files (x86)\Brackets\command;C:\Program Files\Git\cmd;C:\Program Files\Java\jdk-13.0.2\bin;C:\Users\Musab Mahmoud\AppData\Local\Programs\Microsoft VS Code\bin;."/>
    <property name="jdk.debug" value="release"/>
    <property name="java.class.version" value="57.0"/>
    <property name="java.specification.name" value="Java Platform API Specification"/>
    <property name="sun.management.compiler" value="HotSpot 64-Bit Tiered Compilers"/>
    <property name="os.version" value="10.0"/>
    <property name="user.home" value="C:\Users\Musab Mahmoud"/>
    <property name="user.timezone" value="America/Chicago"/>
    <property name="file.encoding" value="UTF-8"/>
    <property name="java.specification.version" value="13"/>
    <property name="user.name" value="Musab Mahmoud"/>
    <property name="java.class.path" value="C:\Program Files\NetBeans-11.2\netbeans\java\maven\boot\plexus-classworlds-2.5.2.jar"/>
    <property name="java.vm.specification.version" value="13"/>
    <property name="sun.arch.data.model" value="64"/>
    <property name="sun.java.command" value="org.codehaus.plexus.classworlds.launcher.Launcher -Dmaven.ext.class.path=C:\Program Files\NetBeans-11.2\netbeans\java\maven-nblib\netbeans-eventspy.jar -Dfile.encoding=UTF-8 test"/>
    <property name="java.home" value="C:\Program Files\Java\jdk-13.0.2"/>
    <property name="user.language" value="en"/>
    <property name="java.specification.vendor" value="Oracle Corporation"/>
    <property name="java.vm.info" value="mixed mode, sharing"/>
    <property name="java.version" value="13.0.2"/>
    <property name="java.vendor" value="Oracle Corporation"/>
    <property name="maven.home" value="C:\Program Files\NetBeans-11.2\netbeans\java\maven"/>
    <property name="file.separator" value="\"/>
    <property name="java.version.date" value="2020-01-14"/>
    <property name="java.vendor.url.bug" value="https://bugreport.java.com/bugreport/"/>
    <property name="sun.io.unicode.encoding" value="UnicodeLittle"/>
    <property name="sun.cpu.endian" value="little"/>
    <property name="sun.cpu.isalist" value="amd64"/>
  </properties>
  <testcase classname="com.mahmoud.neededtestassignment.sales.SalesTransactionTest" name="testSetSalesPersonIdOneGood" time="0.007"/>
  <testcase classname="com.mahmoud.neededtestassignment.sales.SalesTransactionTest" name="testGetTransactionId" time="0"/>
  <testcase classname="com.mahmoud.neededtestassignment.sales.SalesTransactionTest" name="testGetQuantitySold" time="0"/>
  <testcase classname="com.mahmoud.neededtestassignment.sales.SalesTransactionTest" name="testSetUnitPriceArbitraryGood" time="0.004"/>
  <testcase classname="com.mahmoud.neededtestassignment.sales.SalesTransactionTest" name="testSetSalesDateTimeTodayGood" time="0.002"/>
  <testcase classname="com.mahmoud.neededtestassignment.sales.SalesTransactionTest" name="testToString" time="0.043"/>
  <testcase classname="com.mahmoud.neededtestassignment.sales.SalesTransactionTest" name="testSetTransactionIdZeroGood" time="0"/>
  <testcase classname="com.mahmoud.neededtestassignment.sales.SalesTransactionTest" name="testSetSalesPersonIdBadZero" time="0.002"/>
  <testcase classname="com.mahmoud.neededtestassignment.sales.SalesTransactionTest" name="testSetQuantitySoldArbitraryGood" time="0"/>
  <testcase classname="com.mahmoud.neededtestassignment.sales.SalesTransactionTest" name="testSetSalesDateTimeTomorrowBad" time="0"/>
  <testcase classname="com.mahmoud.neededtestassignment.sales.SalesTransactionTest" name="testSetSalesPersonIdArbitraryGood" time="0.001"/>
  <testcase classname="com.mahmoud.neededtestassignment.sales.SalesTransactionTest" name="testCompareToOtherDateEarlier" time="0"/>
  <testcase classname="com.mahmoud.neededtestassignment.sales.SalesTransactionTest" name="testSetUnitPriceZeroGood" time="0.001"/>
  <testcase classname="com.mahmoud.neededtestassignment.sales.SalesTransactionTest" name="testSetItemIdOneGood" time="0"/>
  <testcase classname="com.mahmoud.neededtestassignment.sales.SalesTransactionTest" name="testCompareToFirstDateEarlier" time="0"/>
  <testcase classname="com.mahmoud.neededtestassignment.sales.SalesTransactionTest" name="testSetUnitPriceOneDecimalGood" time="0.001"/>
  <testcase classname="com.mahmoud.neededtestassignment.sales.SalesTransactionTest" name="testGetUnitPrice" time="0"/>
  <testcase classname="com.mahmoud.neededtestassignment.sales.SalesTransactionTest" name="testSetSalesDateTimeMinus31DaysBad" time="0.001"/>
  <testcase classname="com.mahmoud.neededtestassignment.sales.SalesTransactionTest" name="testSetQuantitySoldOneGood" time="0"/>
  <testcase classname="com.mahmoud.neededtestassignment.sales.SalesTransactionTest" name="testSetItemIdArbitraryGood" time="0"/>
  <testcase classname="com.mahmoud.neededtestassignment.sales.SalesTransactionTest" name="testGetItemId" time="0.001"/>
  <testcase classname="com.mahmoud.neededtestassignment.sales.SalesTransactionTest" name="testSetItemIdZeroBad" time="0"/>
  <testcase classname="com.mahmoud.neededtestassignment.sales.SalesTransactionTest" name="testSetTransactionIdNegativeBad" time="0.001"/>
  <testcase classname="com.mahmoud.neededtestassignment.sales.SalesTransactionTest" name="testGetTransactionDateTime" time="0"/>
  <testcase classname="com.mahmoud.neededtestassignment.sales.SalesTransactionTest" name="testSetSalesDateTimeMinus30DaysGood" time="0"/>
  <testcase classname="com.mahmoud.neededtestassignment.sales.SalesTransactionTest" name="testSetUnitPriceThreeDecimalsGood" time="0.001"/>
  <testcase classname="com.mahmoud.neededtestassignment.sales.SalesTransactionTest" name="testCompareToBothDatesEqual" time="0.001"/>
  <testcase classname="com.mahmoud.neededtestassignment.sales.SalesTransactionTest" name="testSetUnitPriceNegativeBad" time="0"/>
  <testcase classname="com.mahmoud.neededtestassignment.sales.SalesTransactionTest" name="testSetQuantitySoldZeroBad" time="0"/>
  <testcase classname="com.mahmoud.neededtestassignment.sales.SalesTransactionTest" name="testSetTransactionIdArbitraryGood" time="0"/>
  <testcase classname="com.mahmoud.neededtestassignment.sales.SalesTransactionTest" name="testGetSalesPersonId" time="0.001"/>
</testsuite>